<?xml version="1.0" encoding="UTF-8"?>
<!-- Generated by org.testng.reporters.JUnitXMLReporter -->
<testsuite ignored="0" hostname="Pavi" failures="0" tests="11" name="Default test" time="298.985" errors="0" timestamp="2024-05-10T09:09:01 IST">
  <testcase classname="testings.ui_testing" name="openapp" time="17.288"/>
  <testcase classname="testings.ui_testing" name="urlonechrome" time="19.178"/>
  <testcase classname="testings.ui_testing" name="urlonefire" time="39.709"/>
  <testcase classname="testings.ui_testing" name="urltwochrome" time="24.151"/>
  <testcase classname="testings.ui_testing" name="urltwofire" time="26.078"/>
  <testcase classname="testings.ui_testing" name="urlthreechrome" time="22.366"/>
  <testcase classname="testings.ui_testing" name="urlthreefire" time="38.646"/>
  <testcase classname="testings.ui_testing" name="urlfourchrome" time="17.822"/>
  <testcase classname="testings.ui_testing" name="urlfourfire" time="29.405"/>
  <testcase classname="testings.ui_testing" name="urlfivechrome" time="22.866"/>
  <testcase classname="testings.ui_testing" name="urlfivefire" time="41.276"/>
</testsuite> <!-- Default test -->
